<?xml version="1.0" encoding="UTF-8"?>
<!-- Generated by org.testng.reporters.JUnitReportReporter -->
<testsuite hostname="SARVESH-DESKTOP" failures="0" tests="1" name="test.GoDaddyHomePageNavTest" time="54.608" errors="0" timestamp="2024-07-18T09:53:25 IST" skipped="0">
  <testcase classname="test.GoDaddyHomePageNavTest" name="verifyGoDaddayNavigationMenues" time="54.608"/>
</testsuite> <!-- test.GoDaddyHomePageNavTest -->
