<?xml version="1.0" encoding="UTF-8"?>
<!-- Generated by org.testng.reporters.JUnitReportReporter -->
<testsuite hostname="SARVESH-DESKTOP" failures="0" tests="1" name="test.LoginToGmailTest" time="7.161" errors="0" timestamp="2024-07-17T09:57:07 IST" skipped="0">
  <testcase classname="test.LoginToGmailTest" name="loginToGmail" time="7.161"/>
</testsuite> <!-- test.LoginToGmailTest -->
